C51 COMPILER V7.06   DIGITAL_TUBE                                                          08/07/2012 22:28:56 PAGE 1   


C51 COMPILER V7.06, COMPILATION OF MODULE DIGITAL_TUBE
OBJECT MODULE PLACED IN .\obj\digital_tube.obj
COMPILER INVOKED BY: C:\Keil\C51\BIN\C51.EXE digital_tube.c BROWSE DEBUG OBJECTEXTEND PRINT(.\list\digital_tube.lst) OBJ
                    -ECT(.\obj\digital_tube.obj)

stmt level    source

   1          /*-----------------------------------------------
   2            名称：单个共阳数码管静态显示
   3            论坛：www.doflye.net
   4            编写：shifang
   5            日期：2009.5
   6            修改：无
   7            内容：通过赋值给P1，让数码管显示特定的字符或者数字
   8          ------------------------------------------------*/
   9          #include<reg52.h> //包含头文件，一般情况不需要改动，
  10          //头文件包含特殊功能寄存器的定义
  11          /*
  12          unsigned char code display[] = {0xC0,0xF9,0xA4,0xB0,0x99,
  13                                                                          0x92,0x82,0xF8,0x80,0x90
  14                                                                          };
  15          */
  16          unsigned char code display[] = {0x3F,0x06,0x5B,0x4F,0x66,
  17                                                                          0x6D,0x7D,0x07,0x7F,0x6F
  18                                                                          };
  19          /*unsigned char code whichbit[] = {0xFE,0xFC,0xF8,0xF0,0xE0,0xC0,0x80,0x00};*/
  20          unsigned char code whichbit[] = {0xFE,0xFD,0xFB,0xF7,0xEF,0xDF,0xBF,0x7F};
  21          sbit wei = P2^3;
  22          sbit duan = P2^2;
  23          /*
  24          unsigned int num = 10;
  25          
  26          unsigned char code display[] = {0xFE,0xFD,0xFB,0xF7,0xEF,0xDF};
  27          unsigned int num = 6;
  28          */
  29          void Delay(unsigned int t);                                                        
  30          
  31          void main (void)
  32          {
  33   1      /* P1=0xc0;   //二进制 为 1100 0000  参考数码管排列，
  34   1      //可以得出0对应的段点亮，1对应的段熄灭，结果显示数字"0"   
  35   1       while(1)
  36   1       {
  37   1      
  38   1       }
  39   1      
  40   1              unsigned char i;
  41   1              while(1)
  42   1              {
  43   1              for( i = 0; i < num; i++)
  44   1                      {
  45   1                              P1 = display[i];
  46   1                              Delay(60000);
  47   1                      }
  48   1              }
  49   1      
  50   1              while(1)
  51   1              {
  52   1                      P1 = P3;
  53   1              }
  54   1      */
C51 COMPILER V7.06   DIGITAL_TUBE                                                          08/07/2012 22:28:56 PAGE 2   

  55   1              unsigned char i;
  56   1              wei = 0;
  57   1              duan = 0;
  58   1      while(1){
  59   2      
  60   2              for( i = 0; i < 8; i++)
  61   2              {
  62   3                      P0 = whichbit[i];
  63   3                      wei = 1;
  64   3                      wei = 0;
  65   3      
  66   3                      P0 = display[i+1];
  67   3                      duan = 1;
  68   3                      duan = 0;
  69   3                      Delay(200);
  70   3              }
  71   2         }
  72   1      }
  73          /**/
  74          void Delay(unsigned int t)
  75          {
  76   1              while(--t);
  77   1      }
  78          


MODULE INFORMATION:   STATIC OVERLAYABLE
   CODE SIZE        =     59    ----
   CONSTANT SIZE    =     18    ----
   XDATA SIZE       =   ----    ----
   PDATA SIZE       =   ----    ----
   DATA SIZE        =   ----       1
   IDATA SIZE       =   ----    ----
   BIT SIZE         =   ----    ----
END OF MODULE INFORMATION.


C51 COMPILATION COMPLETE.  0 WARNING(S),  0 ERROR(S)
