C51 COMPILER V7.06   DC_MOTOR                                                              08/19/2012 22:13:12 PAGE 1   


C51 COMPILER V7.06, COMPILATION OF MODULE DC_MOTOR
OBJECT MODULE PLACED IN .\obj\dc_motor.obj
COMPILER INVOKED BY: C:\Keil\C51\BIN\C51.EXE dc_motor.c BROWSE DEBUG OBJECTEXTEND PRINT(.\list\dc_motor.lst) OBJECT(.\ob
                    -j\dc_motor.obj)

stmt level    source

   1          /*-----------------------------------------------
   2            名称：单个独立按键控制直流电机开关
   3            论坛：www.doflye.net
   4            编写：shifang
   5            日期：2009.5
   6            修改：无
   7            内容：对应的电机接口需用杜邦线连接到uln2003电机控制端
   8                  使用5V-12V 小功率电机皆可
   9          ------------------------------------------------*/
  10          #include<reg52.h> //包含头文件，一般情况不需要改动，头文件包含特殊功能寄存器的定义
  11          
  12          #define KeyPort P3
  13          
  14          #define DataPort P0 //定义数据端口 程序中遇到DataPort 则用P0 替换
  15          sbit LATCH1=P2^2;//定义锁存使能端口 段锁存
  16          sbit LATCH2=P2^3;//                 位锁存
  17          
  18          sbit DCOUT1 = P1^1;//定义电机信号输出端口1
  19          sbit DCOUT2 = P1^2;//定义电机信号输出端口2
  20          
  21          unsigned char code dofly_DuanMa[10]={0x3f,0x06,0x5b,0x4f,0x66,0x6d,0x7d,0x07,0x7f,0x6f};// 显示段码值0~9
  22          unsigned char code dofly_WeiMa[]={0xfe,0xfd,0xfb,0xf7,0xef,0xdf,0xbf,0x7f};//分别对应相应的数码管点亮,即位
             -码
  23          unsigned char TempData[8]; //存储显示值的全局变量
  24          /*------------------------------------------------
  25                            函数声明
  26          ------------------------------------------------*/
  27          void DelayUs2x(unsigned char t);//us级延时函数声明 
  28          void DelayMs(unsigned char t); //ms级延时
  29          void Display(unsigned char FirstBit,unsigned char Num);//数码管显示函数
  30          unsigned char KeyScan(void);//键盘扫描
  31          void Init_Timer0(void);//定时器初始化
  32          /*------------------------------------------------
  33                              主函数
  34          ------------------------------------------------*/
  35          void main (void)
  36          {
  37   1      unsigned char num;                  
  38   1      
  39   1      Init_Timer0();    //初始化定时器0，主要用于数码管动态扫描
  40   1      
  41   1      TempData[0]=0x5E; //'d'
  42   1      TempData[1]=0x39; //'C'
  43   1      TempData[2]=0x06; //'1'
  44   1      
  45   1      TempData[5]=0x5E; //'d'
  46   1      TempData[6]=0x39; //'C'
  47   1      TempData[7]=0x5b; //'2'
  48   1      while (1)         //主循环
  49   1        {
  50   2      
  51   2       
  52   2       num=KeyScan();    //循环调用按键扫描
  53   2       switch(num)
C51 COMPILER V7.06   DC_MOTOR                                                              08/19/2012 22:13:12 PAGE 2   

  54   2           {
  55   3            //电机1改变运行状态,数码管显示运行状态
  56   3                case 1:DCOUT1=!DCOUT1;
  57   3                       TempData[0]=0x5E; //'d'
  58   3                               TempData[1]=0x39; //'C'
  59   3                               TempData[2]=0x06; //'1'
  60   3      
  61   3                               if(DCOUT1)
  62   3                                 {
  63   4                               TempData[5]=0x3F; //'O'
  64   4                               TempData[6]=0x54; //'n'
  65   4                               TempData[7]=0;
  66   4                                 }
  67   3                               else
  68   3                                 {
  69   4                               TempData[5]=0x3F; //'O'
  70   4                               TempData[6]=0x71; //'F'
  71   4                               TempData[7]=0x71; //'F'
  72   4                                 }
  73   3                               break;
  74   3               //电机2改变运行状态,数码管显示运行状态
  75   3                case 2:DCOUT2=!DCOUT2;
  76   3                       TempData[0]=0x5E; //'d'
  77   3                               TempData[1]=0x39; //'C'
  78   3                               TempData[2]=0x5B; //'2'
  79   3      
  80   3                               if(DCOUT2)
  81   3                                 {
  82   4                               TempData[5]=0x3F; //'O'
  83   4                               TempData[6]=0x54; //'n'
  84   4                               TempData[7]=0;
  85   4                                 }
  86   3                               else
  87   3                                 {
  88   4                               TempData[5]=0x3F; //'O'
  89   4                               TempData[6]=0x71; //'F'
  90   4                               TempData[7]=0x71; //'F'
  91   4                                 }
  92   3                                 break;
  93   3                  default:break;
  94   3         }    
  95   2        }
  96   1      }
  97          /*------------------------------------------------
  98           uS延时函数，含有输入参数 unsigned char t，无返回值
  99           unsigned char 是定义无符号字符变量，其值的范围是
 100           0~255 这里使用晶振12M，精确延时请使用汇编,大致延时
 101           长度如下 T=tx2+5 uS 
 102          ------------------------------------------------*/
 103          void DelayUs2x(unsigned char t)
 104          {   
 105   1       while(--t);
 106   1      }
 107          /*------------------------------------------------
 108           mS延时函数，含有输入参数 unsigned char t，无返回值
 109           unsigned char 是定义无符号字符变量，其值的范围是
 110           0~255 这里使用晶振12M，精确延时请使用汇编
 111          ------------------------------------------------*/
 112          void DelayMs(unsigned char t)
 113          {
 114   1           
 115   1       while(t--)
C51 COMPILER V7.06   DC_MOTOR                                                              08/19/2012 22:13:12 PAGE 3   

 116   1       {
 117   2           //大致延时1mS
 118   2           DelayUs2x(245);
 119   2               DelayUs2x(245);
 120   2       }
 121   1      }
 122          /*------------------------------------------------
 123           显示函数，用于动态扫描数码管
 124           输入参数 FirstBit 表示需要显示的第一位，如赋值2表
 125           示从第三个数码管开始显示，如输入0表示从第一个显示。
 126           Num表示需要显示的位数，如需要显示99两位数值则该值
 127           输入2
 128          ------------------------------------------------*/
 129          void Display(unsigned char FirstBit,unsigned char Num)
 130          {
 131   1            static unsigned char i=0;
 132   1                
 133   1      
 134   1                 DataPort=0;   //清空数据，防止有交替重影
 135   1             LATCH1=1;     //段锁存
 136   1             LATCH1=0;
 137   1      
 138   1             DataPort=dofly_WeiMa[i+FirstBit]; //取位码 
 139   1             LATCH2=1;     //位锁存
 140   1             LATCH2=0;
 141   1      
 142   1             DataPort=TempData[i]; //取显示数据，段码
 143   1             LATCH1=1;     //段锁存
 144   1             LATCH1=0;
 145   1             
 146   1                 i++;
 147   1             if(i==Num)
 148   1                    i=0;
 149   1      
 150   1      
 151   1      }
 152          /*------------------------------------------------
 153                              定时器初始化子程序
 154          ------------------------------------------------*/
 155          void Init_Timer0(void)
 156          {
 157   1       TMOD |= 0x01;    //使用模式1，16位定时器，使用"|"符号可以在使用多个定时器时不受影响                 
 158   1       //TH0=0x00;          //给定初值
 159   1       //TL0=0x00;
 160   1       EA=1;            //总中断打开
 161   1       ET0=1;           //定时器中断打开
 162   1       TR0=1;           //定时器开关打开
 163   1      }
 164          /*------------------------------------------------
 165                           定时器中断子程序
 166          ------------------------------------------------*/
 167          void Timer0_isr(void) interrupt 1 
 168          {
 169   1       TH0=(65536-2000)/256;            //重新赋值 2ms
 170   1       TL0=(65536-2000)%256;
 171   1       
 172   1       Display(0,8);       // 调用数码管扫描
 173   1      
 174   1      }
 175          
 176          /*------------------------------------------------
 177          按键扫描函数，返回扫描键值
C51 COMPILER V7.06   DC_MOTOR                                                              08/19/2012 22:13:12 PAGE 4   

 178          ------------------------------------------------*/
 179          unsigned char KeyScan(void)
 180          {
 181   1       unsigned char keyvalue;
 182   1       if(KeyPort!=0xff)
 183   1         {
 184   2          DelayMs(10);
 185   2          if(KeyPort!=0xff)
 186   2                 {
 187   3                  keyvalue=KeyPort;
 188   3                  while(KeyPort!=0xff);
 189   3                      switch(keyvalue)
 190   3                      {
 191   4                       case 0xfe:return 1;break;
 192   4                       case 0xfd:return 2;break;
 193   4                       case 0xfb:return 3;break;
 194   4                       case 0xf7:return 4;break;
 195   4                       case 0xef:return 5;break;
 196   4                       case 0xdf:return 6;break;
 197   4                       case 0xbf:return 7;break;
 198   4                       case 0x7f:return 8;break;
 199   4                       default:return 0;break;
 200   4                      }
 201   3                }
 202   2         }
 203   1         return 0;
 204   1      }
 205          


MODULE INFORMATION:   STATIC OVERLAYABLE
   CODE SIZE        =    301    ----
   CONSTANT SIZE    =     18    ----
   XDATA SIZE       =   ----    ----
   PDATA SIZE       =   ----    ----
   DATA SIZE        =      9    ----
   IDATA SIZE       =   ----    ----
   BIT SIZE         =   ----    ----
END OF MODULE INFORMATION.


C51 COMPILATION COMPLETE.  0 WARNING(S),  0 ERROR(S)
