C51 COMPILER V7.06   TIME2                                                                 08/09/2012 21:49:24 PAGE 1   


C51 COMPILER V7.06, COMPILATION OF MODULE TIME2
OBJECT MODULE PLACED IN .\obj\time2.obj
COMPILER INVOKED BY: C:\Keil\C51\BIN\C51.EXE time2.c BROWSE DEBUG OBJECTEXTEND PRINT(.\list\time2.lst) OBJECT(.\obj\time
                    -2.obj)

stmt level    source

   1          #include <REG52.H>
   2          sbit LED = P2^0;
   3          /*init for the time2*/
   4          void init_time2(void)
   5          {
   6   1              RCAP2H = (65536-60000)/256;
   7   1              RCAP2L = (65536-60000)%256;
   8   1      
   9   1              ET2 = 1;
  10   1              EA = 1;
  11   1              TR2 = 1;
  12   1      }
  13          main()
  14          {
  15   1              init_time2();
  16   1              while(1);
  17   1      }
  18          void time2_isr(void) interrupt 5 using 1
  19          {
  20   1              TF2 = 0;
  21   1              LED = ~LED;
  22   1      }
  23          


MODULE INFORMATION:   STATIC OVERLAYABLE
   CODE SIZE        =     23    ----
   CONSTANT SIZE    =   ----    ----
   XDATA SIZE       =   ----    ----
   PDATA SIZE       =   ----    ----
   DATA SIZE        =   ----    ----
   IDATA SIZE       =   ----    ----
   BIT SIZE         =   ----    ----
END OF MODULE INFORMATION.


C51 COMPILATION COMPLETE.  0 WARNING(S),  0 ERROR(S)
