C51 COMPILER V7.06   MUSIC                                                                 08/13/2012 23:29:56 PAGE 1   


C51 COMPILER V7.06, COMPILATION OF MODULE MUSIC
OBJECT MODULE PLACED IN .\obj\music.obj
COMPILER INVOKED BY: C:\Keil\C51\BIN\C51.EXE music.c BROWSE DEBUG OBJECTEXTEND PRINT(.\list\music.lst) OBJECT(.\obj\musi
                    -c.obj)

stmt level    source

   1          /*-----------------------------------------------
   2            名称：音乐播放
   3            论坛：www.doflye.net
   4            编写：shifang
   5            日期：2009.5
   6            修改：无
   7            内容：
   8          ------------------------------------------------*/
   9          #include<reg52.h>        //包含头文件，一般情况不需要改动?
  10                                   //头文件包含特殊功能寄存器的定义
  11          /*------------------------------------------------
  12                           硬件端口定义
  13          ------------------------------------------------*/
  14          sbit      SPK=P1^2;  //定义音乐输出端口
  15          
  16          unsigned char Timer0_H,Timer0_L,Time;
  17          /*                         //世上只有妈妈好数据表
  18          code unsigned char MUSIC[]={          6,2,3,      5,2,1,      3,2,2,    5,2,2,    1,3,2,    6,2,1,    5,2,
             -1,
  19                                                6,2,4,      3,2,2,      5,2,1,    6,2,1,    5,2,2,        3,2,2,    1,2,1,
  20                                                6,1,1,      5,2,1,      3,2,1,    2,2,4,    2,2,3,        3,2,1,    5,2,2,
  21                                                5,2,1,      6,2,1,      3,2,2,    2,2,2,    1,2,4,        5,2,3,    3,2,1,
  22                                                2,2,1,      1,2,1,      6,1,1,    1,2,1,    5,1,6,        0,0,0 
  23                                                };
  24          */
  25          //春天在哪里
  26          /*
  27          code unsigned char MUSIC[]={          3,2,1,      3,2,1,      3,2,1,    1,2,1,    5,1,2,    5,1,1,    0,2,
             -1,
  28                                                3,2,1,      3,2,1,      3,2,1,    1,2,1,    3,2,2,        3,2,2,    5,2,1,
  29                                                5,2,1,      3,2,1,      1,2,1,    5,1,1,    5,1,1,        5,1,2,    6,1,1,
  30                                                7,1,1,      1,2,1,      3,2,1,    2,2,2,    0,2,2,        3,2,1,    3,2,1,
  31                                                3,2,1,      1,2,1,      5,1,2,    5,1,1,    0,2,1,        0,0,0 
  32                                                };
  33          */
  34          //天空之城
  35          code unsigned char MUSIC[]={          6,2,1,      7,2,1,      1,3,3,    7,2,1,    1,3,2,    3,3,2,    7,2,
             -4,
  36                                                3,2,1,      3,2,1,      6,2,3,    5,2,1,    6,2,2,        1,3,2,    5,2,3,
  37                                                0,2,2,      3,2,1,      3,2,1,    4,2,3,    3,2,1,        4,2,1,    1,2,3,
  38                                                3,2,3,      0,2,1,      1,3,1,    1,3,1,    1,3,1,        7,2,3,    4,2,1,
  39                                                4,2,2,      7,2,2,      7,2,3,    0,2,2,    6,2,1,        7,2,1,    1,3,3,
  40                                                7,2,1,      1,3,2,      3,3,2,    7,2,4,    0,2,2,        3,2,1,    3,2,1,
  41                                                6,2,3,      5,2,1,      6,2,2,    1,3,2,    5,2,4,        0,2,1,    3,2,1,
  42                                                4,2,2,      1,3,1,      7,2,1,    7,2,2,    1,3,2,        2,3,1,    2,3,1,
  43                                                3,3,1,      1,3,2,      0,2,2,    1,3,2,    7,2,1,        6,2,1,    6,2,1,
  44                                                                                    7,2,2,      5,2,2,      6,3,4,        0,2,2,    1,3,1,        2,3,1,    3,3,3,
  45                                                2,3,1,      3,3,2,      5,3,2,    2,3,4,    0,2,2,        5,2,1,    5,2,1,
  46                                                1,2,1,      7,2,1,      1,2,2,    3,3,2,    3,2,4,        0,2,2,    0,2,2,
  47                                                6,2,1,      7,2,1,      1,3,2,    7,2,2,    2,3,1,        2,3,1,    1,3,3,
  48                                                5,2,1,      5,2,2,      0,2,2,    4,3,2,    3,3,2,        2,3,2,    1,3,2,
  49                                                                                    3,3,8,      3,3,4,      0,2,2,        3,3,2,    6,3,4,        5,3,2,    5,3,2,
  50                                                3,3,1,      2,3,1,      1,3,2,    0,2,1,    1,3,1,        2,3,2,    1,3,1,
  51                                                2,3,1,      2,3,1,      5,3,2,    3,3,4,    0,2,2,        3,3,2,    6,3,4,
C51 COMPILER V7.06   MUSIC                                                                 08/13/2012 23:29:56 PAGE 2   

  52                                                5,3,4,      3,3,1,      2,3,1,    1,3,4,    0,2,1,        1,3,1,    2,3,2,
  53                                                1,3,1,      2,3,1,      2,3,1,    7,2,2,    6,2,4,        0,2,2,    6,2,1,
  54                                                                                    7,2,1,      6,2,8,      0,0,0
  55                                                };
  56          
  57                                   // 音阶频率表 高八位
  58          code unsigned char FREQH[]={
  59                                          0xF2,0xF3,0xF5,0xF5,0xF6,0xF7,0xF8, 
  60                                          0xF9,0xF9,0xFA,0xFA,0xFB,0xFB,0xFC,0xFC, //1,2,3,4,5,6,7,8,i
  61                                          0xFC,0xFD,0xFD,0xFD,0xFD,0xFE,
  62                                          0xFE,0xFE,0xFE,0xFE,0xFE,0xFE,0xFF,
  63                                         } ;
  64                                   // 音阶频率表 低八位
  65          code unsigned char FREQL[]={
  66                                           0x42,0xC1,0x17,0xB6,0xD0,0xD1,0xB6,
  67                                           0x21,0xE1,0x8C,0xD8,0x68,0xE9,0x5B,0x8F, //1,2,3,4,5,6,7,8,i
  68                                           0xEE,0x44, 0x6B,0xB4,0xF4,0x2D, 
  69                                           0x47,0x77,0xA2,0xB6,0xDA,0xFA,0x16,
  70                                          };
  71          /*------------------------------------------------
  72           uS延时函数，含有输入参数 unsigned char t，无返回值
  73           unsigned char 是定义无符号字符变量，其值的范围是
  74           0~255 这里使用晶振12M，精确延时请使用汇编,大致延时
  75           长度如下 T=tx2+5 uS 
  76          ------------------------------------------------*/
  77          void DelayUs2x(unsigned char t)
  78          {   
  79   1       while(--t);
  80   1      }
  81          /*------------------------------------------------
  82           mS延时函数，含有输入参数 unsigned char t，无返回值
  83           unsigned char 是定义无符号字符变量，其值的范围是
  84           0~255 这里使用晶振12M，精确延时请使用汇编
  85          ------------------------------------------------*/
  86          void DelayMs(unsigned char t)
  87          {
  88   1           
  89   1       while(t--)
  90   1       {
  91   2           //大致延时1mS
  92   2           DelayUs2x(245);
  93   2               DelayUs2x(245);
  94   2       }
  95   1      }
  96          /*------------------------------------------------
  97                          节拍延时函数
  98           各调1/4节拍时间：
  99           调4/4  125ms
 100           调2/4  250ms
 101           调3/4  187ms
 102          ------------------------------------------------*/
 103          void delay(unsigned char t)
 104          {
 105   1          unsigned char i;
 106   1              for(i=0;i<t;i++)
 107   1                  DelayMs(250);
 108   1          TR0=0;
 109   1       }
 110          /*------------------------------------------------
 111                         定时器0中断
 112          ------------------------------------------------*/
 113          void TIM0_ISR() interrupt 1
C51 COMPILER V7.06   MUSIC                                                                 08/13/2012 23:29:56 PAGE 3   

 114          {
 115   1       TR0=0;      
 116   1       SPK=!SPK;
 117   1       TH0=Timer0_H;
 118   1       TL0=Timer0_L;
 119   1       TR0=1;
 120   1       }
 121          /*------------------------------------------------
 122                          歌曲处理函数
 123          ------------------------------------------------*/
 124          void Song()
 125          {
 126   1       TH0=Timer0_H;//赋值定时器时间，决定频率
 127   1       TL0=Timer0_L;
 128   1       TR0=1;       //打开定时器
 129   1       delay(Time); //延时所需要的节拍                      
 130   1       }
 131          /*------------------------------------------------
 132                          主函数
 133          ------------------------------------------------*/
 134           void main(void)
 135           {
 136   1       unsigned char k,i;
 137   1       TMOD|=0x01; //置定时器0工作方式1
 138   1       EA=1;       //打开全局中断
 139   1       ET0=1;      //打开定时0中断
 140   1       while(1)
 141   1            {
 142   2             i=0;  
 143   2             while(i<390)
 144   2                      {         //音乐数组长度 ，唱完从头再来        
 145   3                  k=MUSIC[i]+7*MUSIC[i+1]-1;//去音符振荡频率所需数据
 146   3                  Timer0_H=FREQH[k];
 147   3                  Timer0_L=FREQL[k];
 148   3                  Time=MUSIC[i+2];          //节拍时长
 149   3                  i=i+3;
 150   3                  Song();
 151   3                 }
 152   2             } 
 153   1        }


MODULE INFORMATION:   STATIC OVERLAYABLE
   CODE SIZE        =    135    ----
   CONSTANT SIZE    =    464    ----
   XDATA SIZE       =   ----    ----
   PDATA SIZE       =   ----    ----
   DATA SIZE        =      3    ----
   IDATA SIZE       =   ----    ----
   BIT SIZE         =   ----    ----
END OF MODULE INFORMATION.


C51 COMPILATION COMPLETE.  0 WARNING(S),  0 ERROR(S)
