C51 COMPILER V7.06   BUTTON_QF                                                             08/10/2012 21:48:41 PAGE 1   


C51 COMPILER V7.06, COMPILATION OF MODULE BUTTON_QF
OBJECT MODULE PLACED IN .\obj\button_QF.obj
COMPILER INVOKED BY: C:\Keil\C51\BIN\C51.EXE button_QF.c BROWSE DEBUG OBJECTEXTEND PRINT(.\list\button_QF.lst) OBJECT(.\
                    -obj\button_QF.obj)

stmt level    source

   1          #include <REG51.H>
   2          
   3          sbit BTN1 = P2^0;
   4          sbit BTN2 = P2^1;
   5          sbit BTN3 = P2^2;
   6          sbit BTN4 = P2^3;
   7          sbit BTN5 = P2^4;
   8          sbit BTN6 = P2^5;
   9          sbit BTN7 = P2^6;
  10          sbit BTN8 = P2^7;
  11          
  12          sbit LED1 = P0^0;
  13          sbit LED2 = P0^1;
  14          sbit LED3 = P0^2;
  15          sbit LED4 = P0^3;
  16          sbit LED5 = P0^4;
  17          sbit LED6 = P0^5;
  18          sbit LED7 = P0^6;
  19          sbit LED8 = P0^7;
  20          
  21          void main()
  22          {
  23   1              bit flag;
  24   1              while(!flag)
  25   1              {
  26   2                      if(BTN1 == 0){
  27   3                              LED1 = 0; flag = 1;
  28   3                      }else if(BTN2 == 0){
  29   3                              LED2 = 0; flag = 1;
  30   3                      }else if(BTN3 == 0){
  31   3                              LED3 = 0; flag = 1;
  32   3                      }else if(BTN4 == 0){
  33   3                              LED4 = 0; flag = 1;
  34   3                      }else if(BTN5 == 0){
  35   3                              LED5 = 0; flag = 1;
  36   3                      }else if(BTN6 == 0){
  37   3                              LED6 = 0; flag = 1;
  38   3                      }else if(BTN7 == 0){
  39   3                              LED7 = 0; flag = 1;
  40   3                      }else if(BTN8 == 0){
  41   3                              LED8 = 0; flag = 1;
  42   3                      }
  43   2      
  44   2              }
  45   1              while(flag);
  46   1      }
  47          


MODULE INFORMATION:   STATIC OVERLAYABLE
   CODE SIZE        =     79    ----
   CONSTANT SIZE    =   ----    ----
   XDATA SIZE       =   ----    ----
   PDATA SIZE       =   ----    ----
C51 COMPILER V7.06   BUTTON_QF                                                             08/10/2012 21:48:41 PAGE 2   

   DATA SIZE        =   ----    ----
   IDATA SIZE       =   ----    ----
   BIT SIZE         =   ----       1
END OF MODULE INFORMATION.


C51 COMPILATION COMPLETE.  0 WARNING(S),  0 ERROR(S)
