C51 COMPILER V7.06   BUTTON                                                                08/10/2012 21:38:16 PAGE 1   


C51 COMPILER V7.06, COMPILATION OF MODULE BUTTON
OBJECT MODULE PLACED IN .\obj\button.obj
COMPILER INVOKED BY: C:\Keil\C51\BIN\C51.EXE button.c BROWSE DEBUG OBJECTEXTEND PRINT(.\list\button.lst) OBJECT(.\obj\bu
                    -tton.obj)

stmt level    source

   1          /*button control the led display*/
   2          #include <REG51.H>
   3          
   4          #define dataPort P0
   5          
   6          sbit duan = P2^2;
   7          sbit wei = P2^3;
   8          
   9          sbit sub = P1^0;
  10          sbit add = P1^1; 
  11          
  12          unsigned char duan_in[] = {0x3F,0x06,0x5B,0x4F,0x66,0x6D,0x7D,0x07,0x7F,0x6F};/*0-9*/
  13          unsigned char wei_in[] = {0xFE,0xFD,0xFB,0xF7,0xEF,0xDF,0xBF,0x7F};/*0-7*/
  14          unsigned char portData[8];
  15          void delay(unsigned char t)
  16          {
  17   1              while(--t);
  18   1      }
  19          void display(unsigned char firstBit,unsigned char num)
  20          {
  21   1              unsigned char i;
  22   1              for(i = 0; i < num; i++)
  23   1              {
  24   2                      dataPort = 0;
  25   2                      duan = 1;
  26   2                      duan = 0;
  27   2      
  28   2                      dataPort = wei_in[i + firstBit];
  29   2                      wei = 1;
  30   2                      wei = 0;
  31   2      
  32   2                      dataPort = portData[i];
  33   2                      duan = 1;
  34   2                      duan = 0;
  35   2      
  36   2                      delay(200);
  37   2              }
  38   1      }
  39          main()
  40          {
  41   1              unsigned char display_num;
  42   1              duan = 0;
  43   1              wei = 0;
  44   1              while(1)
  45   1              {
  46   2                      if(!sub)
  47   2                      {
  48   3                              display(2,2);//delay(9000);
  49   3                              if(!sub)
  50   3                              {
  51   4                                      while(!sub){display(2,2);};
  52   4                                      //delay(8000);
  53   4                                      if(sub)
  54   4                                      {
C51 COMPILER V7.06   BUTTON                                                                08/10/2012 21:38:16 PAGE 2   

  55   5                                              if(display_num>0) display_num--;
  56   5                                      }
  57   4                                      
  58   4                              }
  59   3                      }
  60   2                      if(!add)
  61   2                      {
  62   3                              display(2,2);//delay(9000);
  63   3                              if(!add)
  64   3                              {
  65   4                                      while(!add){display(2,2);};
  66   4                                      //delay(8000);
  67   4                                      if(add)
  68   4                                      {
  69   5                                              if(display_num<99) display_num++;
  70   5                                      }
  71   4                              }
  72   3                      }
  73   2                      portData[0] = duan_in[display_num/10];
  74   2                      portData[1] = duan_in[display_num%10];
  75   2                      display(2,2);
  76   2              }
  77   1      }


MODULE INFORMATION:   STATIC OVERLAYABLE
   CODE SIZE        =    148    ----
   CONSTANT SIZE    =   ----    ----
   XDATA SIZE       =   ----    ----
   PDATA SIZE       =   ----    ----
   DATA SIZE        =     26       1
   IDATA SIZE       =   ----    ----
   BIT SIZE         =   ----    ----
END OF MODULE INFORMATION.


C51 COMPILATION COMPLETE.  0 WARNING(S),  0 ERROR(S)
